<?xml version="1.0" encoding="UTF-8"?>
<testsuite name="com.puce.labloan.services.EquipoServiceTest" tests="3" skipped="0" failures="0" errors="0" timestamp="2026-07-27T00:41:29.200Z" hostname="KEVINs-MBP.lan" time="2.233">
  <properties/>
  <testcase name="obtener lanza ResourceNotFoundException si el equipo no existe()" classname="com.puce.labloan.services.EquipoServiceTest" time="0.43"/>
  <testcase name="crear asocia el equipo a la categoria existente y queda DISPONIBLE por defecto()" classname="com.puce.labloan.services.EquipoServiceTest" time="0.117"/>
  <testcase name="eliminar borra el equipo cuando existe()" classname="com.puce.labloan.services.EquipoServiceTest" time="0.031"/>
  <system-out><![CDATA[]]></system-out>
  <system-err><![CDATA[WARNING: A Java agent has been loaded dynamically (/Users/kevin/.gradle/caches/modules-2/files-2.1/net.bytebuddy/byte-buddy-agent/1.17.8/f09415827a71be7ed621c7bd02550678f28bc81c/byte-buddy-agent-1.17.8.jar)
WARNING: If a serviceability tool is in use, please run with -XX:+EnableDynamicAgentLoading to hide this warning
WARNING: If a serviceability tool is not in use, please run with -Djdk.instrument.traceUsage for more information
WARNING: Dynamic loading of agents will be disallowed by default in a future release
]]></system-err>
</testsuite>
